<?xml version="1.0" encoding="UTF-8"?>
<!-- Generated by org.testng.reporters.JUnitXMLReporter -->
<testsuite ignored="1" hostname="DESKTOP-GSS5CVG" failures="9" tests="36" name="Test" time="6.677" errors="0" timestamp="2024-09-06T10:55:14 IST">
  <testcase classname="testscripts.HomePageTest" name="verifyUserLoginDate" time="1.249">
    <skipped/>
  </testcase> <!-- verifyUserLoginDate -->
  <testcase classname="testscripts.HomePageTest" name="verifyUserLoginDate" time="0.151">
    <skipped/>
  </testcase> <!-- verifyUserLoginDate -->
  <testcase classname="testscripts.HomePageTest" name="verifyUserLoginDate" time="0.141">
    <skipped/>
  </testcase> <!-- verifyUserLoginDate -->
  <testcase classname="testscripts.HomePageTest" name="verifyUserLoginDate" time="0.106">
    <failure type="java.lang.NullPointerException" message="Cannot invoke &amp;quot;org.openqa.selenium.SearchContext.findElement(org.openqa.selenium.By)&amp;quot; because &amp;quot;this.searchContext&amp;quot; is null">
      <![CDATA[java.lang.NullPointerException: Cannot invoke "org.openqa.selenium.SearchContext.findElement(org.openqa.selenium.By)" because "this.searchContext" is null
at org.openqa.selenium.support.pagefactory.DefaultElementLocator.findElement(DefaultElementLocator.java:68)
at org.openqa.selenium.support.pagefactory.internal.LocatingElementHandler.invoke(LocatingElementHandler.java:38)
at jdk.proxy2/jdk.proxy2.$Proxy11.sendKeys(Unknown Source)
at pageObject.LoginPage.enterUserName(LoginPage.java:36)
at testscripts.HomePageTest.verifyUserLoginDate(HomePageTest.java:22)
at java.base/java.util.ArrayList.forEach(ArrayList.java:1511)
... Removed 27 stack frames]]>
    </failure>
  </testcase> <!-- verifyUserLoginDate -->
  <testcase classname="testscripts.LoginPageTest" name="verifyLoginWithValidCredentials" time="0.151">
    <skipped/>
  </testcase> <!-- verifyLoginWithValidCredentials -->
  <testcase classname="testscripts.LoginPageTest" name="verifyLoginWithValidCredentials" time="0.145">
    <skipped/>
  </testcase> <!-- verifyLoginWithValidCredentials -->
  <testcase classname="testscripts.LoginPageTest" name="verifyLoginWithValidCredentials" time="0.137">
    <skipped/>
  </testcase> <!-- verifyLoginWithValidCredentials -->
  <testcase classname="testscripts.LoginPageTest" name="verifyLoginWithValidCredentials" time="0.122">
    <failure type="java.lang.NullPointerException" message="Cannot invoke &amp;quot;org.openqa.selenium.SearchContext.findElement(org.openqa.selenium.By)&amp;quot; because &amp;quot;this.searchContext&amp;quot; is null">
      <![CDATA[java.lang.NullPointerException: Cannot invoke "org.openqa.selenium.SearchContext.findElement(org.openqa.selenium.By)" because "this.searchContext" is null
at org.openqa.selenium.support.pagefactory.DefaultElementLocator.findElement(DefaultElementLocator.java:68)
at org.openqa.selenium.support.pagefactory.internal.LocatingElementHandler.invoke(LocatingElementHandler.java:38)
at jdk.proxy2/jdk.proxy2.$Proxy11.sendKeys(Unknown Source)
at pageObject.LoginPage.enterUserName(LoginPage.java:36)
at testscripts.LoginPageTest.verifyLoginWithValidCredentials(LoginPageTest.java:42)
at java.base/java.util.ArrayList.forEach(ArrayList.java:1511)
... Removed 27 stack frames]]>
    </failure>
  </testcase> <!-- verifyLoginWithValidCredentials -->
  <testcase classname="testscripts.UserPageTest" name="verifyEditUserDetails" time="0.616">
    <skipped/>
  </testcase> <!-- verifyEditUserDetails -->
  <testcase classname="testscripts.UserPageTest" name="verifyEditUserDetails" time="0.341">
    <skipped/>
  </testcase> <!-- verifyEditUserDetails -->
  <testcase classname="testscripts.UserPageTest" name="verifyEditUserDetails" time="0.308">
    <skipped/>
  </testcase> <!-- verifyEditUserDetails -->
  <testcase classname="testscripts.UserPageTest" name="verifyEditUserDetails" time="0.27">
    <failure type="java.lang.NullPointerException" message="Cannot invoke &amp;quot;org.openqa.selenium.SearchContext.findElement(org.openqa.selenium.By)&amp;quot; because &amp;quot;this.searchContext&amp;quot; is null">
      <![CDATA[java.lang.NullPointerException: Cannot invoke "org.openqa.selenium.SearchContext.findElement(org.openqa.selenium.By)" because "this.searchContext" is null
at org.openqa.selenium.support.pagefactory.DefaultElementLocator.findElement(DefaultElementLocator.java:68)
at org.openqa.selenium.support.pagefactory.internal.LocatingElementHandler.invoke(LocatingElementHandler.java:38)
at jdk.proxy2/jdk.proxy2.$Proxy11.sendKeys(Unknown Source)
at pageObject.LoginPage.enterUserName(LoginPage.java:36)
at testscripts.UserPageTest.verifyEditUserDetails(UserPageTest.java:83)
at java.base/java.util.ArrayList.forEach(ArrayList.java:1511)
... Removed 27 stack frames]]>
    </failure>
  </testcase> <!-- verifyEditUserDetails -->
  <testcase classname="testscripts.UserPageTest" name="verifyViewUserDetails" time="0.198">
    <skipped/>
  </testcase> <!-- verifyViewUserDetails -->
  <testcase classname="testscripts.UserPageTest" name="verifyViewUserDetails" time="0.204">
    <skipped/>
  </testcase> <!-- verifyViewUserDetails -->
  <testcase classname="testscripts.UserPageTest" name="verifyViewUserDetails" time="0.188">
    <skipped/>
  </testcase> <!-- verifyViewUserDetails -->
  <testcase classname="testscripts.UserPageTest" name="verifyViewUserDetails" time="0.218">
    <failure type="java.lang.NullPointerException" message="Cannot invoke &amp;quot;org.openqa.selenium.SearchContext.findElement(org.openqa.selenium.By)&amp;quot; because &amp;quot;this.searchContext&amp;quot; is null">
      <![CDATA[java.lang.NullPointerException: Cannot invoke "org.openqa.selenium.SearchContext.findElement(org.openqa.selenium.By)" because "this.searchContext" is null
at org.openqa.selenium.support.pagefactory.DefaultElementLocator.findElement(DefaultElementLocator.java:68)
at org.openqa.selenium.support.pagefactory.internal.LocatingElementHandler.invoke(LocatingElementHandler.java:38)
at jdk.proxy2/jdk.proxy2.$Proxy11.sendKeys(Unknown Source)
at pageObject.LoginPage.enterUserName(LoginPage.java:36)
at testscripts.UserPageTest.verifyViewUserDetails(UserPageTest.java:37)
at java.base/java.util.ArrayList.forEach(ArrayList.java:1511)
... Removed 27 stack frames]]>
    </failure>
  </testcase> <!-- verifyViewUserDetails -->
  <testcase classname="testscripts.AddUserPageTest" name="verifyLoginWithNewlyAddedUser" time="0.15">
    <skipped/>
  </testcase> <!-- verifyLoginWithNewlyAddedUser -->
  <testcase classname="testscripts.AddUserPageTest" name="verifyLoginWithNewlyAddedUser" time="0.145">
    <skipped/>
  </testcase> <!-- verifyLoginWithNewlyAddedUser -->
  <testcase classname="testscripts.AddUserPageTest" name="verifyLoginWithNewlyAddedUser" time="0.128">
    <skipped/>
  </testcase> <!-- verifyLoginWithNewlyAddedUser -->
  <testcase classname="testscripts.AddUserPageTest" name="verifyLoginWithNewlyAddedUser" time="0.157">
    <failure type="java.lang.NullPointerException" message="Cannot invoke &amp;quot;org.openqa.selenium.SearchContext.findElement(org.openqa.selenium.By)&amp;quot; because &amp;quot;this.searchContext&amp;quot; is null">
      <![CDATA[java.lang.NullPointerException: Cannot invoke "org.openqa.selenium.SearchContext.findElement(org.openqa.selenium.By)" because "this.searchContext" is null
at org.openqa.selenium.support.pagefactory.DefaultElementLocator.findElement(DefaultElementLocator.java:68)
at org.openqa.selenium.support.pagefactory.internal.LocatingElementHandler.invoke(LocatingElementHandler.java:38)
at jdk.proxy2/jdk.proxy2.$Proxy11.sendKeys(Unknown Source)
at pageObject.LoginPage.enterUserName(LoginPage.java:36)
at testscripts.AddUserPageTest.verifyLoginWithNewlyAddedUser(AddUserPageTest.java:97)
at java.base/java.util.ArrayList.forEach(ArrayList.java:1511)
... Removed 27 stack frames]]>
    </failure>
  </testcase> <!-- verifyLoginWithNewlyAddedUser -->
  <testcase classname="testscripts.AddUserPageTest" name="verifyUserCreation" time="0.15">
    <skipped/>
  </testcase> <!-- verifyUserCreation -->
  <testcase classname="testscripts.AddUserPageTest" name="verifyUserCreation" time="0.136">
    <skipped/>
  </testcase> <!-- verifyUserCreation -->
  <testcase classname="testscripts.AddUserPageTest" name="verifyUserCreation" time="0.124">
    <skipped/>
  </testcase> <!-- verifyUserCreation -->
  <testcase classname="testscripts.AddUserPageTest" name="verifyUserCreation" time="0.144">
    <failure type="java.lang.NullPointerException" message="Cannot invoke &amp;quot;org.openqa.selenium.SearchContext.findElement(org.openqa.selenium.By)&amp;quot; because &amp;quot;this.searchContext&amp;quot; is null">
      <![CDATA[java.lang.NullPointerException: Cannot invoke "org.openqa.selenium.SearchContext.findElement(org.openqa.selenium.By)" because "this.searchContext" is null
at org.openqa.selenium.support.pagefactory.DefaultElementLocator.findElement(DefaultElementLocator.java:68)
at org.openqa.selenium.support.pagefactory.internal.LocatingElementHandler.invoke(LocatingElementHandler.java:38)
at jdk.proxy2/jdk.proxy2.$Proxy11.sendKeys(Unknown Source)
at pageObject.LoginPage.enterUserName(LoginPage.java:36)
at testscripts.AddUserPageTest.verifyUserCreation(AddUserPageTest.java:49)
at java.base/java.util.ArrayList.forEach(ArrayList.java:1511)
... Removed 27 stack frames]]>
    </failure>
  </testcase> <!-- verifyUserCreation -->
  <testcase classname="testscripts.UserProfilePageTest" name="verifyUserProfileTest" time="0.118">
    <skipped/>
  </testcase> <!-- verifyUserProfileTest -->
  <testcase classname="testscripts.UserProfilePageTest" name="verifyUserProfileTest" time="0.076">
    <skipped/>
  </testcase> <!-- verifyUserProfileTest -->
  <testcase classname="testscripts.UserProfilePageTest" name="verifyUserProfileTest" time="0.075">
    <skipped/>
  </testcase> <!-- verifyUserProfileTest -->
  <testcase classname="testscripts.UserProfilePageTest" name="verifyUserProfileTest" time="0.081">
    <failure type="java.lang.NullPointerException" message="Cannot invoke &amp;quot;org.openqa.selenium.SearchContext.findElement(org.openqa.selenium.By)&amp;quot; because &amp;quot;this.searchContext&amp;quot; is null">
      <![CDATA[java.lang.NullPointerException: Cannot invoke "org.openqa.selenium.SearchContext.findElement(org.openqa.selenium.By)" because "this.searchContext" is null
at org.openqa.selenium.support.pagefactory.DefaultElementLocator.findElement(DefaultElementLocator.java:68)
at org.openqa.selenium.support.pagefactory.internal.LocatingElementHandler.invoke(LocatingElementHandler.java:38)
at jdk.proxy2/jdk.proxy2.$Proxy11.sendKeys(Unknown Source)
at pageObject.LoginPage.enterUserName(LoginPage.java:36)
at testscripts.UserProfilePageTest.verifyUserProfileTest(UserProfilePageTest.java:29)
at java.base/java.util.ArrayList.forEach(ArrayList.java:1511)
... Removed 27 stack frames]]>
    </failure>
  </testcase> <!-- verifyUserProfileTest -->
  <testcase classname="testscripts.PasswordResetPageTest" name="verifyPasswordResetWithInvalidEmail" time="0.055">
    <skipped/>
  </testcase> <!-- verifyPasswordResetWithInvalidEmail -->
  <testcase classname="testscripts.PasswordResetPageTest" name="verifyPasswordResetWithInvalidEmail" time="0.056">
    <skipped/>
  </testcase> <!-- verifyPasswordResetWithInvalidEmail -->
  <testcase classname="testscripts.PasswordResetPageTest" name="verifyPasswordResetWithInvalidEmail" time="0.05">
    <skipped/>
  </testcase> <!-- verifyPasswordResetWithInvalidEmail -->
  <testcase classname="testscripts.PasswordResetPageTest" name="verifyPasswordResetWithInvalidEmail" time="0.041">
    <failure type="java.lang.NullPointerException" message="Cannot invoke &amp;quot;org.openqa.selenium.SearchContext.findElement(org.openqa.selenium.By)&amp;quot; because &amp;quot;this.searchContext&amp;quot; is null">
      <![CDATA[java.lang.NullPointerException: Cannot invoke "org.openqa.selenium.SearchContext.findElement(org.openqa.selenium.By)" because "this.searchContext" is null
at org.openqa.selenium.support.pagefactory.DefaultElementLocator.findElement(DefaultElementLocator.java:68)
at org.openqa.selenium.support.pagefactory.internal.LocatingElementHandler.invoke(LocatingElementHandler.java:38)
at jdk.proxy2/jdk.proxy2.$Proxy11.click(Unknown Source)
at pageObject.LoginPage.forgotPasswordButton(LoginPage.java:55)
at testscripts.PasswordResetPageTest.verifyPasswordResetWithInvalidEmail(PasswordResetPageTest.java:40)
at java.base/java.util.ArrayList.forEach(ArrayList.java:1511)
... Removed 27 stack frames]]>
    </failure>
  </testcase> <!-- verifyPasswordResetWithInvalidEmail -->
  <testcase classname="testscripts.PasswordResetPageTest" name="verifyPasswordResetWithValidEmail" time="0.042">
    <skipped/>
  </testcase> <!-- verifyPasswordResetWithValidEmail -->
  <testcase classname="testscripts.PasswordResetPageTest" name="verifyPasswordResetWithValidEmail" time="0.047">
    <skipped/>
  </testcase> <!-- verifyPasswordResetWithValidEmail -->
  <testcase classname="testscripts.PasswordResetPageTest" name="verifyPasswordResetWithValidEmail" time="0.045">
    <skipped/>
  </testcase> <!-- verifyPasswordResetWithValidEmail -->
  <testcase classname="testscripts.PasswordResetPageTest" name="verifyPasswordResetWithValidEmail" time="0.047">
    <failure type="java.lang.NullPointerException" message="Cannot invoke &amp;quot;org.openqa.selenium.SearchContext.findElement(org.openqa.selenium.By)&amp;quot; because &amp;quot;this.searchContext&amp;quot; is null">
      <![CDATA[java.lang.NullPointerException: Cannot invoke "org.openqa.selenium.SearchContext.findElement(org.openqa.selenium.By)" because "this.searchContext" is null
at org.openqa.selenium.support.pagefactory.DefaultElementLocator.findElement(DefaultElementLocator.java:68)
at org.openqa.selenium.support.pagefactory.internal.LocatingElementHandler.invoke(LocatingElementHandler.java:38)
at jdk.proxy2/jdk.proxy2.$Proxy11.click(Unknown Source)
at pageObject.LoginPage.forgotPasswordButton(LoginPage.java:55)
at testscripts.PasswordResetPageTest.verifyPasswordResetWithValidEmail(PasswordResetPageTest.java:23)
at java.base/java.util.ArrayList.forEach(ArrayList.java:1511)
... Removed 27 stack frames]]>
    </failure>
  </testcase> <!-- verifyPasswordResetWithValidEmail -->
  <testcase classname="testscripts.LoginPageTest" name="verifyErrorMessageWhileLoginWithInvalidCredentials" time="0.0">
    <ignored/>
  </testcase> <!-- verifyErrorMessageWhileLoginWithInvalidCredentials -->
</testsuite> <!-- Test -->
