<?xml version="1.0" encoding="UTF-8"?>
<!-- Generated by org.testng.reporters.JUnitXMLReporter -->
<testsuite ignored="0" hostname="DESKTOP-GSS5CVG" failures="1" tests="6" name="UserTest" time="153.111" errors="0" timestamp="2024-09-10T20:13:45 IST">
  <testcase classname="testscripts.AddUserPageTest" name="verifyLoginWithNewlyAddedUser" time="17.748"/>
  <testcase classname="testscripts.AddUserPageTest" name="verifyUserCreation" time="16.036">
    <skipped/>
  </testcase> <!-- verifyUserCreation -->
  <testcase classname="testscripts.AddUserPageTest" name="verifyUserCreation" time="10.514">
    <skipped/>
  </testcase> <!-- verifyUserCreation -->
  <testcase classname="testscripts.AddUserPageTest" name="verifyUserCreation" time="10.795">
    <skipped/>
  </testcase> <!-- verifyUserCreation -->
  <testcase classname="testscripts.AddUserPageTest" name="verifyUserCreation" time="11.057">
    <failure type="java.lang.AssertionError" message="Unexpected Username found for newly created user expected [Kasey@1] but found [1750Reshma28]">
      <![CDATA[java.lang.AssertionError: Unexpected Username found for newly created user expected [Kasey@1] but found [1750Reshma28]
at testscripts.AddUserPageTest.verifyUserCreation(AddUserPageTest.java:68)
at java.base/java.util.ArrayList.forEach(ArrayList.java:1511)
... Removed 32 stack frames]]>
    </failure>
  </testcase> <!-- verifyUserCreation -->
  <testcase classname="testscripts.UserProfilePageTest" name="verifyUserProfileTest" time="8.597"/>
</testsuite> <!-- UserTest -->
